Info: CustomCategory:vistas: 547 mini seconds publishing element
Info: CustomCategory:diseniar_componentes: 31 mini seconds publishing element
Info: Artifact:diagrama_de_clases: 238 mini seconds publishing element
Info: Artifact:diagrama_de_sequencia: 12 mini seconds publishing element
Info: : 2172 mini-second(s) publishing element Role:diseniador[analisisDisenio\roles\diseniador_FC6BEF99.html]
Info: Role:diseniador: 2172 mini seconds publishing element
Info: Task:diseniar_casos_de_uso: 157 mini seconds publishing element
Info: Task:diseniar_clases: 15 mini seconds publishing element
Info: Task:diseniar_diagrama_de_sequencia: 16 mini seconds publishing element
Info: Artifact:interface_de_usuario: 0 mini seconds publishing element
Info: CustomCategory:vistas: 15 mini seconds publishing element
Info: CustomCategory:analizar_estado_del_negocio: 16 mini seconds publishing element
Info: Role:analista_de_procesos_de_negocio: 31 mini seconds publishing element
Info: Task:detallar_un_vocabulario_de_negocio_comn: 16 mini seconds publishing element
Info: Task:detallar_y_validar_objetivos: 15 mini seconds publishing element
Info: Task:identificar_objetivo_de_la_organizaci: 0 mini seconds publishing element
Info: Artifact:reglas_de_negocio: 16 mini seconds publishing element
Info: Task:validar_reglas_de_negocio: 0 mini seconds publishing element
Info: CustomCategory:detallar_el_negocio_actual: 16 mini seconds publishing element
Info: Artifact:actor_del_sistema: 0 mini seconds publishing element
Info: Role:analista_de_procesos_de_negocio: 31 mini seconds publishing element
Info: Artifact:casos_de_uso_del_negocio: 0 mini seconds publishing element
Info: Task:identificar_actores_del_sistema: 15 mini seconds publishing element
Info: Task:identificar_casos_de_uso: 16 mini seconds publishing element
Info: Task:identificar_stakeholders: 0 mini seconds publishing element
Info: Artifact:stakeholders: 0 mini seconds publishing element
Info: CustomCategory:diseniar_procesos_de_negocio: 16 mini seconds publishing element
Info: Artifact:diagrama_de_actividad: 0 mini seconds publishing element
Info: Role:diseniador_de_negocios: 31 mini seconds publishing element
Info: Task:identificar_roles_de_negocio: 0 mini seconds publishing element
Info: Task:identificar_trabajadores_comerciales_y_entidades: 16 mini seconds publishing element
Info: Artifact:rol_de_negocio: 0 mini seconds publishing element
Info: CustomCategory:vistas: 15 mini seconds publishing element
Info: CustomCategory:requisitos: 0 mini seconds publishing element
Info: Artifact:formularios_en_papel: 16 mini seconds publishing element
Info: Task:refinar_requisitos: 0 mini seconds publishing element
Info: Role:revisor_de_requisitos: 15 mini seconds publishing element
Info: : Publishing time: 0 minutes 5 seconds
